<?xml version="1.0" encoding="UTF-8"?>
<testng-results skipped="0" failed="0" total="1" passed="1">
  <reporter-output>
  </reporter-output>
  <suite name="Default suite" duration-ms="26713" started-at="2020-01-10T07:44:58Z" finished-at="2020-01-10T07:45:25Z">
    <groups>
    </groups>
    <test name="Default test" duration-ms="26713" started-at="2020-01-10T07:44:58Z" finished-at="2020-01-10T07:45:25Z">
      <class name="githubTest.GitHubJerkin">
        <test-method status="PASS" signature="logintest()[pri:0, instance:githubTest.GitHubJerkin@19bb089b]" test-instance-name="" name="logintest" duration-ms="26629" started-at="2020-01-10T13:14:59Z" finished-at="2020-01-10T13:15:25Z">
          <reporter-output>
          </reporter-output>
        </test-method> <!-- logintest -->
      </class> <!-- githubTest.GitHubJerkin -->
    </test> <!-- Default test -->
  </suite> <!-- Default suite -->
</testng-results>
